<?xml version="1.0" encoding="UTF-8"?>
<!-- Generated by org.testng.reporters.JUnitReportReporter -->
<testsuite hostname="DESKTOP-9II2C15" failures="0" tests="2" name="insurity.HomePage" time="34.851" errors="0" timestamp="07 Jul 2021 04:51:28 GMT" skipped="0">
  <testcase classname="insurity.HomePage" name="basePageNavigation" time="26.144"/>
  <testcase classname="insurity.HomePage" name="basePageNavigation" time="8.707"/>
</testsuite> <!-- insurity.HomePage -->
